<?xml version="1.0" encoding="UTF-8"?>
<testsuite xmlns:xsi="http://www.w3.org/2001/XMLSchema-instance" xsi:noNamespaceSchemaLocation="https://maven.apache.org/surefire/maven-surefire-plugin/xsd/surefire-test-report.xsd" name="com.xgolden.tabcompleter.AppTest" time="0.025" tests="1" errors="0" skipped="0" failures="0">
  <properties>
    <property name="java.specification.version" value="14"/>
    <property name="sun.cpu.isalist" value="amd64"/>
    <property name="sun.jnu.encoding" value="Cp1252"/>
    <property name="java.class.path" value="d:\Workspace\Java\Minecraft\Plugins\tab-completer\target\test-classes;d:\Workspace\Java\Minecraft\Plugins\tab-completer\target\classes;C:\Users\Nicola\.m2\repository\junit\junit\4.11\junit-4.11.jar;C:\Users\Nicola\.m2\repository\org\hamcrest\hamcrest-core\1.3\hamcrest-core-1.3.jar;C:\Users\Nicola\.m2\repository\org\spigotmc\spigot-api\1.17.1-R0.1-SNAPSHOT\spigot-api-1.17.1-R0.1-SNAPSHOT.jar;C:\Users\Nicola\.m2\repository\commons-lang\commons-lang\2.6\commons-lang-2.6.jar;C:\Users\Nicola\.m2\repository\com\google\guava\guava\21.0\guava-21.0.jar;C:\Users\Nicola\.m2\repository\com\google\code\gson\gson\2.8.0\gson-2.8.0.jar;C:\Users\Nicola\.m2\repository\net\md-5\bungeecord-chat\1.16-R0.4\bungeecord-chat-1.16-R0.4.jar;C:\Users\Nicola\.m2\repository\org\yaml\snakeyaml\1.28\snakeyaml-1.28.jar;"/>
    <property name="java.vm.vendor" value="Oracle Corporation"/>
    <property name="sun.arch.data.model" value="64"/>
    <property name="user.variant" value=""/>
    <property name="java.vendor.url" value="https://java.oracle.com/"/>
    <property name="user.timezone" value="Europe/Rome"/>
    <property name="os.name" value="Windows 10"/>
    <property name="java.vm.specification.version" value="14"/>
    <property name="sun.java.launcher" value="SUN_STANDARD"/>
    <property name="user.country" value="IT"/>
    <property name="sun.boot.library.path" value="C:\Program Files\Java\jdk-14.0.2\bin"/>
    <property name="sun.java.command" value="C:\Users\Nicola\AppData\Local\Temp\surefire11821791338742810622\surefirebooter7442061123456794672.jar C:\Users\Nicola\AppData\Local\Temp\surefire11821791338742810622 2021-09-12T23-22-01_194-jvmRun1 surefire7387704224336004596tmp surefire_08801338286620788700tmp"/>
    <property name="jdk.debug" value="release"/>
    <property name="surefire.test.class.path" value="d:\Workspace\Java\Minecraft\Plugins\tab-completer\target\test-classes;d:\Workspace\Java\Minecraft\Plugins\tab-completer\target\classes;C:\Users\Nicola\.m2\repository\junit\junit\4.11\junit-4.11.jar;C:\Users\Nicola\.m2\repository\org\hamcrest\hamcrest-core\1.3\hamcrest-core-1.3.jar;C:\Users\Nicola\.m2\repository\org\spigotmc\spigot-api\1.17.1-R0.1-SNAPSHOT\spigot-api-1.17.1-R0.1-SNAPSHOT.jar;C:\Users\Nicola\.m2\repository\commons-lang\commons-lang\2.6\commons-lang-2.6.jar;C:\Users\Nicola\.m2\repository\com\google\guava\guava\21.0\guava-21.0.jar;C:\Users\Nicola\.m2\repository\com\google\code\gson\gson\2.8.0\gson-2.8.0.jar;C:\Users\Nicola\.m2\repository\net\md-5\bungeecord-chat\1.16-R0.4\bungeecord-chat-1.16-R0.4.jar;C:\Users\Nicola\.m2\repository\org\yaml\snakeyaml\1.28\snakeyaml-1.28.jar;"/>
    <property name="sun.cpu.endian" value="little"/>
    <property name="user.home" value="C:\Users\Nicola"/>
    <property name="user.language" value="it"/>
    <property name="java.specification.vendor" value="Oracle Corporation"/>
    <property name="java.version.date" value="2020-07-14"/>
    <property name="java.home" value="C:\Program Files\Java\jdk-14.0.2"/>
    <property name="file.separator" value="\"/>
    <property name="basedir" value="d:\Workspace\Java\Minecraft\Plugins\tab-completer"/>
    <property name="java.vm.compressedOopsMode" value="Zero based"/>
    <property name="line.separator" value="&#10;"/>
    <property name="java.vm.specification.vendor" value="Oracle Corporation"/>
    <property name="java.specification.name" value="Java Platform API Specification"/>
    <property name="surefire.real.class.path" value="C:\Users\Nicola\AppData\Local\Temp\surefire11821791338742810622\surefirebooter7442061123456794672.jar"/>
    <property name="user.script" value=""/>
    <property name="sun.management.compiler" value="HotSpot 64-Bit Tiered Compilers"/>
    <property name="java.runtime.version" value="14.0.2+12-46"/>
    <property name="user.name" value="Nicola"/>
    <property name="path.separator" value=";"/>
    <property name="os.version" value="10.0"/>
    <property name="java.runtime.name" value="Java(TM) SE Runtime Environment"/>
    <property name="file.encoding" value="Cp1252"/>
    <property name="java.vm.name" value="Java HotSpot(TM) 64-Bit Server VM"/>
    <property name="localRepository" value="C:\Users\Nicola\.m2\repository"/>
    <property name="java.vendor.url.bug" value="https://bugreport.java.com/bugreport/"/>
    <property name="java.io.tmpdir" value="C:\Users\Nicola\AppData\Local\Temp\"/>
    <property name="java.version" value="14.0.2"/>
    <property name="user.dir" value="d:\Workspace\Java\Minecraft\Plugins\tab-completer"/>
    <property name="os.arch" value="amd64"/>
    <property name="java.vm.specification.name" value="Java Virtual Machine Specification"/>
    <property name="sun.os.patch.level" value=""/>
    <property name="java.library.path" value="C:\Program Files\Java\jdk-14.0.2\bin;C:\WINDOWS\Sun\Java\bin;C:\WINDOWS\system32;C:\WINDOWS;C:\Program Files\Java\jdk-14.0.2\bin;C:\ProgramData\Oracle\Java\javapath;C:\Program Files\Common Files\Oracle\Java\javapath;C:\Program Files\Python37\Scripts\;C:\Program Files\Python37\;C:\Program Files (x86)\Python38-32\Scripts\;C:\Program Files (x86)\Python38-32\;C:\Program Files (x86)\Common Files\Oracle\Java\javapath;C:\Python38\Scripts\;C:\Python38\;C:\Windows\system32;C:\Windows;C:\Windows\System32\Wbem;C:\Windows\System32\WindowsPowerShell\v1.0\;C:\Windows\System32\OpenSSH\;C:\Program Files (x86)\NVIDIA Corporation\PhysX\Common;C:\Program Files (x86)\Windows Kits\10\Windows Performance Toolkit\;C:\Gradle\gradle-6.6\bin;C:\Maven\apache-maven-3.6.3\bin;C:\Program Files\dotnet\;C:\Program Files\Microsoft SQL Server\130\Tools\Binn\;C:\Program Files\Microsoft SQL Server\Client SDK\ODBC\170\Tools\Binn\;C:\Program Files\ChromeDriver\;C:\Users\Nicola\AppData\Local\Programs\Python\Python39\Scripts\;C:\Users\Nicola\AppData\Local\Programs\Python\Python39\;C:\Program Files\GeneratorFabricMod\bin;C:\HaxeToolkit\haxe;C:\HaxeToolkit\neko;C:\Program Files\mingw-w64\x86_64-8.1.0-posix-seh-rt_v6-rev0\mingw64\bin;C:\HaxeToolkit\haxe;C:\HaxeToolkit\neko;C:\Program Files\LOVE;C:\Program Files\nodejs\;C:\vcpkg;C:\Program Files\CMake\bin;C:\Program Files\Lua;C:\Program Files\Git\cmd;C:\Program Files\PuTTY\;C:\Program Files\LuaRocks;C:\WINDOWS\system32;C:\WINDOWS;C:\WINDOWS\System32\Wbem;C:\WINDOWS\System32\WindowsPowerShell\v1.0\;C:\WINDOWS\System32\OpenSSH\;C:\Yarn\bin\;C:\Users\Nicola\.cargo\bin;C:\Ruby27-x64\bin;C:\Program Files\Common Files\Oracle\Java\javapath;C:\Program Files\Python37\Scripts\;C:\Program Files\Python37\;C:\Program Files (x86)\Python38-32\Scripts\;C:\Program Files (x86)\Python38-32\;C:\Program Files (x86)\Common Files\Oracle\Java\javapath;C:\Python38\Scripts\;C:\Python38\;C:\Windows\system32;C:\Windows;C:\Windows\System32\Wbem;C:\Windows\System32\WindowsPowerShell\v1.0\;C:\Windows\System32\OpenSSH\;C:\Program Files (x86)\NVIDIA Corporation\PhysX\Common;C:\Program Files (x86)\Windows Kits\10\Windows Performance Toolkit\;C:\ProgramData\chocolatey\bin;C:\Gradle\gradle-6.6\bin;C:\Maven\apache-maven-3.6.3\bin;C:\Program Files\PuTTY\;C:\Program Files\dotnet\;C:\Program Files\Microsoft SQL Server\130\Tools\Binn\;C:\Program Files\Microsoft SQL Server\Client SDK\ODBC\170\Tools\Binn\;C:\Program Files\CMake\bin;C:\Program Files\Git\cmd;C:\Program Files\NodeJS\;C:\Program Files\ChromeDriver\;C:\Users\Nicola\AppData\Local\Programs\Python\Python39\Scripts\;C:\Users\Nicola\AppData\Local\Programs;C:\Users\Nicola\AppData\Local\Programs\Microsoft VS Code\bin;C:\Users\Nicola\.dotnet\tools;C:\Users\Nicola\AppData\Local\Yarn\bin;."/>
    <property name="java.vm.info" value="mixed mode, sharing"/>
    <property name="java.vendor" value="Oracle Corporation"/>
    <property name="java.vm.version" value="14.0.2+12-46"/>
    <property name="sun.io.unicode.encoding" value="UnicodeLittle"/>
    <property name="java.class.version" value="58.0"/>
  </properties>
  <testcase name="shouldAnswerWithTrue" classname="com.xgolden.tabcompleter.AppTest" time="0.001"/>
</testsuite>